TN:
SF:contracts/Strategy.sol
FN:67,Strategy._transition
FNDA:10,Strategy._transition
DA:68,10
BRDA:68,0,0,-
BRDA:68,0,1,1
DA:69,1
DA:70,1
DA:71,1
DA:72,9
BRDA:72,1,0,7
BRDA:72,1,1,2
DA:73,7
DA:74,7
DA:75,7
DA:76,2
BRDA:76,2,0,1
BRDA:76,2,1,1
DA:77,1
DA:78,1
DA:79,1
BRDA:79,3,0,1
BRDA:79,3,1,1
DA:80,1
DA:81,1
DA:83,10
FN:89,Strategy.mint
FNDA:1,Strategy.mint
DA:95,1
DA:96,1
FN:100,Strategy.init
FNDA:4,Strategy.init
DA:107,3
DA:108,3
DA:109,3
DA:111,3
DA:112,3
BRDA:112,4,0,1
BRDA:112,4,1,2
DA:114,2
DA:116,2
FN:121,Strategy.invest
FNDA:5,Strategy.invest
DA:128,3
DA:129,3
DA:131,3
BRDA:131,5,0,1
BRDA:131,5,1,2
DA:132,2
BRDA:132,6,0,1
BRDA:132,6,1,1
DA:135,1
DA:136,1
DA:138,1
DA:141,1
DA:142,1
DA:143,1
DA:145,1
DA:146,1
FN:150,Strategy.divest
FNDA:2,Strategy.divest
DA:156,2
DA:157,2
DA:158,2
BRDA:158,7,0,-
BRDA:158,7,1,2
DA:160,2
DA:163,2
DA:164,2
DA:167,2
DA:170,2
DA:173,2
DA:174,2
FN:183,Strategy.eject
FNDA:4,Strategy.eject
DA:190,3
DA:191,3
DA:194,3
FN:214,Strategy._burnPoolTokens
FNDA:4,Strategy._burnPoolTokens
DA:218,4
BRDA:218,8,0,1
BRDA:218,8,1,3
DA:221,3
DA:222,3
FN:230,Strategy.buyFYToken
FNDA:2,Strategy.buyFYToken
DA:236,2
DA:237,2
DA:239,2
DA:240,2
DA:243,2
DA:244,2
DA:247,2
BRDA:247,9,0,1
BRDA:247,9,1,2
DA:249,1
DA:250,1
DA:254,2
DA:255,2
BRDA:255,10,0,1
BRDA:255,10,1,2
DA:256,1
DA:259,2
FN:263,Strategy.restart
FNDA:1,Strategy.restart
DA:269,1
DA:270,1
DA:271,1
FN:278,Strategy.mintInvested
FNDA:1,Strategy.mintInvested
DA:284,1
DA:285,1
DA:290,1
DA:293,1
DA:296,1
DA:297,1
FN:302,Strategy.burnInvested
FNDA:1,Strategy.burnInvested
DA:308,1
DA:309,1
DA:310,1
DA:313,1
DA:314,1
DA:316,1
DA:317,1
DA:320,1
FN:325,Strategy.mintDivested
FNDA:1,Strategy.mintDivested
DA:331,1
DA:332,1
DA:333,1
DA:335,1
DA:337,1
FN:342,Strategy.burnDivested
FNDA:1,Strategy.burnDivested
DA:348,1
DA:349,1
DA:350,1
DA:351,1
DA:353,1
DA:354,1
FNF:13
FNH:13
LF:93
LH:93
BRF:22
BRH:20
end_of_record
TN:
SF:contracts/StrategyMigrator.sol
FN:32,StrategyMigrator.mint
FNDA:0,StrategyMigrator.mint
DA:37,0
FN:41,StrategyMigrator.burn
FNDA:0,StrategyMigrator.burn
DA:45,0
FN:49,StrategyMigrator.getBaseBalance
FNDA:1,StrategyMigrator.getBaseBalance
DA:50,0
FN:54,StrategyMigrator.getFYTokenBalance
FNDA:1,StrategyMigrator.getFYTokenBalance
DA:55,0
FN:59,StrategyMigrator.ts
FNDA:1,StrategyMigrator.ts
DA:60,0
FNF:5
FNH:3
LF:5
LH:0
BRF:0
BRH:0
end_of_record
TN:
SF:contracts/deprecated/StrategyV1.sol
FN:97,StrategyV1.setYield
FNDA:0,StrategyV1.setYield
DA:102,0
DA:103,0
DA:104,0
DA:105,0
FN:110,StrategyV1.setTokenId
FNDA:0,StrategyV1.setTokenId
DA:115,0
BRDA:115,0,0,-
BRDA:115,0,1,-
DA:119,0
DA:120,0
FN:125,StrategyV1.resetTokenJoin
FNDA:0,StrategyV1.resetTokenJoin
DA:130,0
DA:131,0
FN:135,StrategyV1.setNextPool
FNDA:0,StrategyV1.setNextPool
DA:139,0
BRDA:139,1,0,-
BRDA:139,1,1,-
DA:143,0
DA:144,0
BRDA:144,2,0,-
BRDA:144,2,1,-
DA:149,0
DA:150,0
DA:152,0
FN:159,StrategyV1.startPool
FNDA:0,StrategyV1.startPool
DA:164,0
DA:165,0
BRDA:165,3,0,-
BRDA:165,3,1,-
DA:168,0
DA:169,0
DA:170,0
DA:172,0
DA:173,0
DA:174,0
DA:176,0
DA:177,0
DA:185,0
DA:186,0
BRDA:186,4,0,-
BRDA:186,4,1,-
DA:191,0
DA:192,0
DA:194,0
DA:195,0
DA:198,0
DA:199,0
DA:202,0
DA:203,0
DA:205,0
BRDA:205,5,0,-
BRDA:205,5,1,-
DA:207,0
DA:208,0
FN:212,StrategyV1.endPool
FNDA:0,StrategyV1.endPool
DA:217,0
DA:218,0
DA:220,0
DA:223,0
DA:224,0
DA:227,0
DA:228,0
DA:230,0
DA:233,0
DA:234,0
DA:235,0
DA:236,0
FN:241,StrategyV1.mint
FNDA:0,StrategyV1.mint
DA:247,0
DA:248,0
DA:249,0
DA:250,0
DA:252,0
FN:258,StrategyV1.burn
FNDA:0,StrategyV1.burn
DA:264,0
DA:265,0
DA:266,0
DA:267,0
DA:269,0
DA:270,0
FN:275,StrategyV1.burnForBase
FNDA:0,StrategyV1.burnForBase
DA:281,0
DA:282,0
DA:284,0
DA:285,0
FN:20,DivUp.divUp
FNDA:0,DivUp.divUp
DA:23,0
FNF:10
FNH:0
LF:66
LH:0
BRF:12
BRH:0
end_of_record
TN:
SF:contracts/deprecated/YieldMathExtensions.sol
FN:20,YieldMathExtensions.invariant
FNDA:0,YieldMathExtensions.invariant
DA:21,0
DA:22,0
DA:23,0
FN:32,YieldMathExtensions._invariant
FNDA:0,YieldMathExtensions._invariant
DA:35,0
BRDA:35,0,0,-
BRDA:35,0,1,-
DA:39,0
DA:40,0
BRDA:40,1,0,-
BRDA:40,1,1,-
DA:42,0
DA:43,0
DA:45,0
BRDA:45,2,0,-
BRDA:45,2,1,-
DA:48,0
DA:49,0
BRDA:49,3,0,-
BRDA:49,3,1,-
DA:51,0
FNF:2
FNH:0
LF:12
LH:0
BRF:8
BRH:0
end_of_record
TN:
SF:test/StrategyMigrator.t.sol
FN:47,ZeroState.setUp
FNDA:0,ZeroState.setUp
DA:48,0
DA:50,0
DA:51,0
DA:52,0
DA:54,0
DA:55,0
DA:56,0
DA:58,0
DA:59,0
DA:61,0
DA:63,0
DA:65,0
DA:66,0
DA:67,0
DA:68,0
DA:69,0
DA:70,0
DA:73,0
DA:76,0
DA:79,0
FN:123,MigratedState.setUp
FNDA:0,MigratedState.setUp
DA:124,0
DA:125,0
DA:126,0
FN:100,SetNextPoolState.setUp
FNDA:0,SetNextPoolState.setUp
DA:101,0
DA:102,0
DA:103,0
FNF:3
FNH:0
LF:26
LH:0
BRF:0
BRH:0
end_of_record
TN:
SF:test/StrategyTest.t.sol
FN:284,InvestedState.setUp
FNDA:0,InvestedState.setUp
DA:285,0
DA:286,0
DA:287,0
FN:509,InvestedAfterMaturity.setUp
FNDA:0,InvestedAfterMaturity.setUp
DA:510,0
DA:511,0
FN:172,DivestedState.setUp
FNDA:0,DivestedState.setUp
DA:173,0
DA:174,0
DA:175,0
DA:177,0
DA:178,0
FN:55,DeployedState.cash
FNDA:0,DeployedState.cash
DA:56,0
DA:57,0
FN:60,DeployedState.track
FNDA:0,DeployedState.track
DA:61,0
FN:64,DeployedState.assertTrackPlusEq
FNDA:0,DeployedState.assertTrackPlusEq
DA:65,0
FN:68,DeployedState.assertTrackMinusEq
FNDA:0,DeployedState.assertTrackMinusEq
DA:69,0
FN:72,DeployedState.assertTrackPlusApproxEqAbs
FNDA:0,DeployedState.assertTrackPlusApproxEqAbs
DA:73,0
FN:76,DeployedState.assertTrackMinusApproxEqAbs
FNDA:0,DeployedState.assertTrackMinusApproxEqAbs
DA:77,0
FN:80,DeployedState.assertApproxGeAbs
FNDA:0,DeployedState.assertApproxGeAbs
DA:81,0
DA:82,0
FN:85,DeployedState.assertTrackPlusApproxGeAbs
FNDA:0,DeployedState.assertTrackPlusApproxGeAbs
DA:86,0
DA:87,0
FN:90,DeployedState.assertTrackMinusApproxGeAbs
FNDA:0,DeployedState.assertTrackMinusApproxGeAbs
DA:91,0
DA:92,0
FN:95,DeployedState.setUp
FNDA:0,DeployedState.setUp
DA:96,0
DA:98,0
DA:99,0
DA:100,0
DA:101,0
DA:102,0
DA:105,0
DA:112,0
DA:113,0
DA:114,0
DA:115,0
DA:117,0
DA:118,0
DA:119,0
DA:120,0
DA:121,0
DA:122,0
DA:123,0
DA:124,0
DA:125,0
FN:479,DrainedState.setUp
FNDA:0,DrainedState.setUp
DA:480,0
DA:483,0
DA:484,0
DA:485,0
DA:487,0
DA:488,0
FN:361,InvestedTiltedState.setUp
FNDA:0,InvestedTiltedState.setUp
DA:362,0
DA:363,0
DA:364,0
DA:367,0
DA:368,0
FN:419,EjectedState.setUp
FNDA:0,EjectedState.setUp
DA:420,0
DA:423,0
DA:424,0
DA:426,0
DA:427,0
FN:535,InvestedTiltedAfterMaturity.setUp
FNDA:0,InvestedTiltedAfterMaturity.setUp
DA:536,0
DA:537,0
FNF:17
FNH:0
LF:61
LH:0
BRF:0
BRH:0
end_of_record
